
Resultado Time:
Tempo decorrido: 0:30.77 
Media de memoria usada: 0 
Percentual de CPU: 99% 
Varrido da Memoria Principal: 0 
Tempo real decorrido: 30.77

Resultado Time:
Tempo decorrido: 0:30.66 
Media de memoria usada: 0 
Percentual de CPU: 99% 
Varrido da Memoria Principal: 0 
Tempo real decorrido: 30.66

Resultado Time:
Tempo decorrido: 0:30.30 
Media de memoria usada: 0 
Percentual de CPU: 100% 
Varrido da Memoria Principal: 0 
Tempo real decorrido: 30.30

Resultado Time:
Tempo decorrido: 0:30.68 
Media de memoria usada: 0 
Percentual de CPU: 99% 
Varrido da Memoria Principal: 0 
Tempo real decorrido: 30.68

Resultado Time:
Tempo decorrido: 0:30.33 
Media de memoria usada: 0 
Percentual de CPU: 99% 
Varrido da Memoria Principal: 0 
Tempo real decorrido: 30.33

Resultado Time:
Tempo decorrido: 0:30.31 
Media de memoria usada: 0 
Percentual de CPU: 100% 
Varrido da Memoria Principal: 0 
Tempo real decorrido: 30.31

Resultado Time:
Tempo decorrido: 0:30.33 
Media de memoria usada: 0 
Percentual de CPU: 99% 
Varrido da Memoria Principal: 0 
Tempo real decorrido: 30.33

Resultado Time:
Tempo decorrido: 0:30.65 
Media de memoria usada: 0 
Percentual de CPU: 99% 
Varrido da Memoria Principal: 0 
Tempo real decorrido: 30.65

Resultado Time:
Tempo decorrido: 0:30.34 
Media de memoria usada: 0 
Percentual de CPU: 99% 
Varrido da Memoria Principal: 0 
Tempo real decorrido: 30.34

Resultado Time:
Tempo decorrido: 0:30.32 
Media de memoria usada: 0 
Percentual de CPU: 99% 
Varrido da Memoria Principal: 0 
Tempo real decorrido: 30.32

Resultado Time:
Tempo decorrido: 0:31.02 
Media de memoria usada: 0 
Percentual de CPU: 100% 
Varrido da Memoria Principal: 0 
Tempo real decorrido: 31.02

Resultado Time:
Tempo decorrido: 0:30.33 
Media de memoria usada: 0 
Percentual de CPU: 100% 
Varrido da Memoria Principal: 0 
Tempo real decorrido: 30.33

Resultado Time:
Tempo decorrido: 0:30.34 
Media de memoria usada: 0 
Percentual de CPU: 99% 
Varrido da Memoria Principal: 0 
Tempo real decorrido: 30.34

Resultado Time:
Tempo decorrido: 0:30.33 
Media de memoria usada: 0 
Percentual de CPU: 99% 
Varrido da Memoria Principal: 0 
Tempo real decorrido: 30.33

Resultado Time:
Tempo decorrido: 0:30.32 
Media de memoria usada: 0 
Percentual de CPU: 99% 
Varrido da Memoria Principal: 0 
Tempo real decorrido: 30.32

Resultado Time:
Tempo decorrido: 0:30.34 
Media de memoria usada: 0 
Percentual de CPU: 99% 
Varrido da Memoria Principal: 0 
Tempo real decorrido: 30.34

Resultado Time:
Tempo decorrido: 0:30.35 
Media de memoria usada: 0 
Percentual de CPU: 100% 
Varrido da Memoria Principal: 0 
Tempo real decorrido: 30.35

Resultado Time:
Tempo decorrido: 0:30.34 
Media de memoria usada: 0 
Percentual de CPU: 100% 
Varrido da Memoria Principal: 0 
Tempo real decorrido: 30.34

Resultado Time:
Tempo decorrido: 0:30.33 
Media de memoria usada: 0 
Percentual de CPU: 99% 
Varrido da Memoria Principal: 0 
Tempo real decorrido: 30.33

Resultado Time:
Tempo decorrido: 0:30.34 
Media de memoria usada: 0 
Percentual de CPU: 99% 
Varrido da Memoria Principal: 0 
Tempo real decorrido: 30.34

Resultado Time:
Tempo decorrido: 0:30.32 
Media de memoria usada: 0 
Percentual de CPU: 100% 
Varrido da Memoria Principal: 0 
Tempo real decorrido: 30.32

Resultado Time:
Tempo decorrido: 0:30.31 
Media de memoria usada: 0 
Percentual de CPU: 100% 
Varrido da Memoria Principal: 0 
Tempo real decorrido: 30.31

Resultado Time:
Tempo decorrido: 0:30.33 
Media de memoria usada: 0 
Percentual de CPU: 99% 
Varrido da Memoria Principal: 0 
Tempo real decorrido: 30.33

Resultado Time:
Tempo decorrido: 0:30.31 
Media de memoria usada: 0 
Percentual de CPU: 99% 
Varrido da Memoria Principal: 0 
Tempo real decorrido: 30.31

Resultado Time:
Tempo decorrido: 0:30.69 
Media de memoria usada: 0 
Percentual de CPU: 100% 
Varrido da Memoria Principal: 0 
Tempo real decorrido: 30.69

Resultado Time:
Tempo decorrido: 0:30.66 
Media de memoria usada: 0 
Percentual de CPU: 99% 
Varrido da Memoria Principal: 0 
Tempo real decorrido: 30.66

Resultado Time:
Tempo decorrido: 0:30.66 
Media de memoria usada: 0 
Percentual de CPU: 99% 
Varrido da Memoria Principal: 0 
Tempo real decorrido: 30.66

Resultado Time:
Tempo decorrido: 0:30.67 
Media de memoria usada: 0 
Percentual de CPU: 100% 
Varrido da Memoria Principal: 0 
Tempo real decorrido: 30.67

Resultado Time:
Tempo decorrido: 0:30.67 
Media de memoria usada: 0 
Percentual de CPU: 100% 
Varrido da Memoria Principal: 0 
Tempo real decorrido: 30.67

Resultado Time:
Tempo decorrido: 0:30.31 
Media de memoria usada: 0 
Percentual de CPU: 99% 
Varrido da Memoria Principal: 0 
Tempo real decorrido: 30.31

Resultado Time:
Tempo decorrido: 0:30.33 
Media de memoria usada: 0 
Percentual de CPU: 99% 
Varrido da Memoria Principal: 0 
Tempo real decorrido: 30.33
