
Resultado Time:
Tempo decorrido: 1:59.47 
Media de memoria usada: 0 
Percentual de CPU: 99% 
Varrido da Memoria Principal: 0 
Tempo real decorrido: 119.47

Resultado Time:
Tempo decorrido: 1:58.35 
Media de memoria usada: 0 
Percentual de CPU: 99% 
Varrido da Memoria Principal: 0 
Tempo real decorrido: 118.35

Resultado Time:
Tempo decorrido: 1:59.96 
Media de memoria usada: 0 
Percentual de CPU: 99% 
Varrido da Memoria Principal: 0 
Tempo real decorrido: 119.96

Resultado Time:
Tempo decorrido: 1:58.16 
Media de memoria usada: 0 
Percentual de CPU: 99% 
Varrido da Memoria Principal: 0 
Tempo real decorrido: 118.16

Resultado Time:
Tempo decorrido: 2:00.15 
Media de memoria usada: 0 
Percentual de CPU: 99% 
Varrido da Memoria Principal: 0 
Tempo real decorrido: 120.15

Resultado Time:
Tempo decorrido: 1:58.69 
Media de memoria usada: 0 
Percentual de CPU: 99% 
Varrido da Memoria Principal: 0 
Tempo real decorrido: 118.69

Resultado Time:
Tempo decorrido: 1:57.01 
Media de memoria usada: 0 
Percentual de CPU: 99% 
Varrido da Memoria Principal: 0 
Tempo real decorrido: 117.01

Resultado Time:
Tempo decorrido: 1:56.50 
Media de memoria usada: 0 
Percentual de CPU: 99% 
Varrido da Memoria Principal: 0 
Tempo real decorrido: 116.50

Resultado Time:
Tempo decorrido: 1:57.77 
Media de memoria usada: 0 
Percentual de CPU: 99% 
Varrido da Memoria Principal: 0 
Tempo real decorrido: 117.77

Resultado Time:
Tempo decorrido: 1:57.48 
Media de memoria usada: 0 
Percentual de CPU: 99% 
Varrido da Memoria Principal: 0 
Tempo real decorrido: 117.48

Resultado Time:
Tempo decorrido: 1:57.44 
Media de memoria usada: 0 
Percentual de CPU: 99% 
Varrido da Memoria Principal: 0 
Tempo real decorrido: 117.44

Resultado Time:
Tempo decorrido: 1:56.07 
Media de memoria usada: 0 
Percentual de CPU: 99% 
Varrido da Memoria Principal: 0 
Tempo real decorrido: 116.07

Resultado Time:
Tempo decorrido: 1:56.26 
Media de memoria usada: 0 
Percentual de CPU: 99% 
Varrido da Memoria Principal: 0 
Tempo real decorrido: 116.26

Resultado Time:
Tempo decorrido: 1:56.26 
Media de memoria usada: 0 
Percentual de CPU: 99% 
Varrido da Memoria Principal: 0 
Tempo real decorrido: 116.26

Resultado Time:
Tempo decorrido: 1:58.35 
Media de memoria usada: 0 
Percentual de CPU: 99% 
Varrido da Memoria Principal: 0 
Tempo real decorrido: 118.35

Resultado Time:
Tempo decorrido: 1:58.55 
Media de memoria usada: 0 
Percentual de CPU: 99% 
Varrido da Memoria Principal: 0 
Tempo real decorrido: 118.55

Resultado Time:
Tempo decorrido: 2:01.07 
Media de memoria usada: 0 
Percentual de CPU: 99% 
Varrido da Memoria Principal: 0 
Tempo real decorrido: 121.07

Resultado Time:
Tempo decorrido: 2:00.69 
Media de memoria usada: 0 
Percentual de CPU: 99% 
Varrido da Memoria Principal: 0 
Tempo real decorrido: 120.69

Resultado Time:
Tempo decorrido: 2:00.77 
Media de memoria usada: 0 
Percentual de CPU: 99% 
Varrido da Memoria Principal: 0 
Tempo real decorrido: 120.77

Resultado Time:
Tempo decorrido: 1:58.87 
Media de memoria usada: 0 
Percentual de CPU: 99% 
Varrido da Memoria Principal: 0 
Tempo real decorrido: 118.87

Resultado Time:
Tempo decorrido: 2:00.74 
Media de memoria usada: 0 
Percentual de CPU: 99% 
Varrido da Memoria Principal: 0 
Tempo real decorrido: 120.74

Resultado Time:
Tempo decorrido: 1:58.14 
Media de memoria usada: 0 
Percentual de CPU: 99% 
Varrido da Memoria Principal: 0 
Tempo real decorrido: 118.14

Resultado Time:
Tempo decorrido: 1:58.96 
Media de memoria usada: 0 
Percentual de CPU: 99% 
Varrido da Memoria Principal: 0 
Tempo real decorrido: 118.96

Resultado Time:
Tempo decorrido: 1:59.10 
Media de memoria usada: 0 
Percentual de CPU: 99% 
Varrido da Memoria Principal: 0 
Tempo real decorrido: 119.10

Resultado Time:
Tempo decorrido: 1:56.18 
Media de memoria usada: 0 
Percentual de CPU: 99% 
Varrido da Memoria Principal: 0 
Tempo real decorrido: 116.18

Resultado Time:
Tempo decorrido: 1:57.60 
Media de memoria usada: 0 
Percentual de CPU: 99% 
Varrido da Memoria Principal: 0 
Tempo real decorrido: 117.60

Resultado Time:
Tempo decorrido: 1:56.89 
Media de memoria usada: 0 
Percentual de CPU: 99% 
Varrido da Memoria Principal: 0 
Tempo real decorrido: 116.89

Resultado Time:
Tempo decorrido: 1:59.05 
Media de memoria usada: 0 
Percentual de CPU: 99% 
Varrido da Memoria Principal: 0 
Tempo real decorrido: 119.05

Resultado Time:
Tempo decorrido: 1:58.70 
Media de memoria usada: 0 
Percentual de CPU: 99% 
Varrido da Memoria Principal: 0 
Tempo real decorrido: 118.70

Resultado Time:
Tempo decorrido: 1:57.57 
Media de memoria usada: 0 
Percentual de CPU: 99% 
Varrido da Memoria Principal: 0 
Tempo real decorrido: 117.57

Resultado Time:
Tempo decorrido: 1:57.33 
Media de memoria usada: 0 
Percentual de CPU: 99% 
Varrido da Memoria Principal: 0 
Tempo real decorrido: 117.33
