Command exited with non-zero status 127

Resultado Time:
Tempo decorrido: 0:00.00 
Media de memoria usada: 0 
Percentual de CPU: ?% 
Varrido da Memoria Principal: 0 
Tempo real decorrido: 0.00
Command exited with non-zero status 127

Resultado Time:
Tempo decorrido: 0:00.00 
Media de memoria usada: 0 
Percentual de CPU: ?% 
Varrido da Memoria Principal: 0 
Tempo real decorrido: 0.00
Command exited with non-zero status 127

Resultado Time:
Tempo decorrido: 0:00.00 
Media de memoria usada: 0 
Percentual de CPU: ?% 
Varrido da Memoria Principal: 0 
Tempo real decorrido: 0.00
Command exited with non-zero status 127

Resultado Time:
Tempo decorrido: 0:00.00 
Media de memoria usada: 0 
Percentual de CPU: ?% 
Varrido da Memoria Principal: 0 
Tempo real decorrido: 0.00
Command exited with non-zero status 127

Resultado Time:
Tempo decorrido: 0:00.00 
Media de memoria usada: 0 
Percentual de CPU: ?% 
Varrido da Memoria Principal: 0 
Tempo real decorrido: 0.00
Command exited with non-zero status 127

Resultado Time:
Tempo decorrido: 0:00.00 
Media de memoria usada: 0 
Percentual de CPU: ?% 
Varrido da Memoria Principal: 0 
Tempo real decorrido: 0.00
Command exited with non-zero status 127

Resultado Time:
Tempo decorrido: 0:00.00 
Media de memoria usada: 0 
Percentual de CPU: ?% 
Varrido da Memoria Principal: 0 
Tempo real decorrido: 0.00
Command exited with non-zero status 127

Resultado Time:
Tempo decorrido: 0:00.00 
Media de memoria usada: 0 
Percentual de CPU: ?% 
Varrido da Memoria Principal: 0 
Tempo real decorrido: 0.00
Command exited with non-zero status 127

Resultado Time:
Tempo decorrido: 0:00.00 
Media de memoria usada: 0 
Percentual de CPU: ?% 
Varrido da Memoria Principal: 0 
Tempo real decorrido: 0.00
Command exited with non-zero status 127

Resultado Time:
Tempo decorrido: 0:00.00 
Media de memoria usada: 0 
Percentual de CPU: ?% 
Varrido da Memoria Principal: 0 
Tempo real decorrido: 0.00
Command exited with non-zero status 127

Resultado Time:
Tempo decorrido: 0:00.00 
Media de memoria usada: 0 
Percentual de CPU: ?% 
Varrido da Memoria Principal: 0 
Tempo real decorrido: 0.00
Command exited with non-zero status 127

Resultado Time:
Tempo decorrido: 0:00.00 
Media de memoria usada: 0 
Percentual de CPU: ?% 
Varrido da Memoria Principal: 0 
Tempo real decorrido: 0.00
Command exited with non-zero status 127

Resultado Time:
Tempo decorrido: 0:00.00 
Media de memoria usada: 0 
Percentual de CPU: ?% 
Varrido da Memoria Principal: 0 
Tempo real decorrido: 0.00
Command exited with non-zero status 127

Resultado Time:
Tempo decorrido: 0:00.00 
Media de memoria usada: 0 
Percentual de CPU: ?% 
Varrido da Memoria Principal: 0 
Tempo real decorrido: 0.00
Command exited with non-zero status 127

Resultado Time:
Tempo decorrido: 0:00.00 
Media de memoria usada: 0 
Percentual de CPU: ?% 
Varrido da Memoria Principal: 0 
Tempo real decorrido: 0.00
Command exited with non-zero status 127

Resultado Time:
Tempo decorrido: 0:00.00 
Media de memoria usada: 0 
Percentual de CPU: ?% 
Varrido da Memoria Principal: 0 
Tempo real decorrido: 0.00
Command exited with non-zero status 127

Resultado Time:
Tempo decorrido: 0:00.00 
Media de memoria usada: 0 
Percentual de CPU: ?% 
Varrido da Memoria Principal: 0 
Tempo real decorrido: 0.00
Command exited with non-zero status 127

Resultado Time:
Tempo decorrido: 0:00.00 
Media de memoria usada: 0 
Percentual de CPU: ?% 
Varrido da Memoria Principal: 0 
Tempo real decorrido: 0.00
Command exited with non-zero status 127

Resultado Time:
Tempo decorrido: 0:00.00 
Media de memoria usada: 0 
Percentual de CPU: ?% 
Varrido da Memoria Principal: 0 
Tempo real decorrido: 0.00
Command exited with non-zero status 127

Resultado Time:
Tempo decorrido: 0:00.00 
Media de memoria usada: 0 
Percentual de CPU: ?% 
Varrido da Memoria Principal: 0 
Tempo real decorrido: 0.00
Command exited with non-zero status 127

Resultado Time:
Tempo decorrido: 0:00.00 
Media de memoria usada: 0 
Percentual de CPU: ?% 
Varrido da Memoria Principal: 0 
Tempo real decorrido: 0.00
Command exited with non-zero status 127

Resultado Time:
Tempo decorrido: 0:00.00 
Media de memoria usada: 0 
Percentual de CPU: ?% 
Varrido da Memoria Principal: 0 
Tempo real decorrido: 0.00
Command exited with non-zero status 127

Resultado Time:
Tempo decorrido: 0:00.00 
Media de memoria usada: 0 
Percentual de CPU: ?% 
Varrido da Memoria Principal: 0 
Tempo real decorrido: 0.00
Command exited with non-zero status 127

Resultado Time:
Tempo decorrido: 0:00.00 
Media de memoria usada: 0 
Percentual de CPU: ?% 
Varrido da Memoria Principal: 0 
Tempo real decorrido: 0.00
Command exited with non-zero status 127

Resultado Time:
Tempo decorrido: 0:00.00 
Media de memoria usada: 0 
Percentual de CPU: ?% 
Varrido da Memoria Principal: 0 
Tempo real decorrido: 0.00
Command exited with non-zero status 127

Resultado Time:
Tempo decorrido: 0:00.00 
Media de memoria usada: 0 
Percentual de CPU: ?% 
Varrido da Memoria Principal: 0 
Tempo real decorrido: 0.00
Command exited with non-zero status 127

Resultado Time:
Tempo decorrido: 0:00.00 
Media de memoria usada: 0 
Percentual de CPU: ?% 
Varrido da Memoria Principal: 0 
Tempo real decorrido: 0.00
Command exited with non-zero status 127

Resultado Time:
Tempo decorrido: 0:00.00 
Media de memoria usada: 0 
Percentual de CPU: ?% 
Varrido da Memoria Principal: 0 
Tempo real decorrido: 0.00
Command exited with non-zero status 127

Resultado Time:
Tempo decorrido: 0:00.00 
Media de memoria usada: 0 
Percentual de CPU: ?% 
Varrido da Memoria Principal: 0 
Tempo real decorrido: 0.00
Command exited with non-zero status 127

Resultado Time:
Tempo decorrido: 0:00.00 
Media de memoria usada: 0 
Percentual de CPU: ?% 
Varrido da Memoria Principal: 0 
Tempo real decorrido: 0.00
Command exited with non-zero status 127

Resultado Time:
Tempo decorrido: 0:00.00 
Media de memoria usada: 0 
Percentual de CPU: ?% 
Varrido da Memoria Principal: 0 
Tempo real decorrido: 0.00

Resultado Time:
Tempo decorrido: 2:03.29 
Media de memoria usada: 0 
Percentual de CPU: 99% 
Varrido da Memoria Principal: 0 
Tempo real decorrido: 123.29

Resultado Time:
Tempo decorrido: 2:03.43 
Media de memoria usada: 0 
Percentual de CPU: 99% 
Varrido da Memoria Principal: 0 
Tempo real decorrido: 123.43

Resultado Time:
Tempo decorrido: 2:03.39 
Media de memoria usada: 0 
Percentual de CPU: 99% 
Varrido da Memoria Principal: 0 
Tempo real decorrido: 123.39

Resultado Time:
Tempo decorrido: 2:03.35 
Media de memoria usada: 0 
Percentual de CPU: 99% 
Varrido da Memoria Principal: 0 
Tempo real decorrido: 123.35

Resultado Time:
Tempo decorrido: 2:03.00 
Media de memoria usada: 0 
Percentual de CPU: 99% 
Varrido da Memoria Principal: 0 
Tempo real decorrido: 123.00

Resultado Time:
Tempo decorrido: 2:03.20 
Media de memoria usada: 0 
Percentual de CPU: 99% 
Varrido da Memoria Principal: 0 
Tempo real decorrido: 123.20

Resultado Time:
Tempo decorrido: 2:03.36 
Media de memoria usada: 0 
Percentual de CPU: 99% 
Varrido da Memoria Principal: 0 
Tempo real decorrido: 123.36

Resultado Time:
Tempo decorrido: 2:03.05 
Media de memoria usada: 0 
Percentual de CPU: 99% 
Varrido da Memoria Principal: 0 
Tempo real decorrido: 123.05

Resultado Time:
Tempo decorrido: 2:03.09 
Media de memoria usada: 0 
Percentual de CPU: 99% 
Varrido da Memoria Principal: 0 
Tempo real decorrido: 123.09

Resultado Time:
Tempo decorrido: 2:03.37 
Media de memoria usada: 0 
Percentual de CPU: 99% 
Varrido da Memoria Principal: 0 
Tempo real decorrido: 123.37

Resultado Time:
Tempo decorrido: 2:03.24 
Media de memoria usada: 0 
Percentual de CPU: 99% 
Varrido da Memoria Principal: 0 
Tempo real decorrido: 123.24

Resultado Time:
Tempo decorrido: 2:03.32 
Media de memoria usada: 0 
Percentual de CPU: 99% 
Varrido da Memoria Principal: 0 
Tempo real decorrido: 123.32

Resultado Time:
Tempo decorrido: 2:03.16 
Media de memoria usada: 0 
Percentual de CPU: 99% 
Varrido da Memoria Principal: 0 
Tempo real decorrido: 123.16

Resultado Time:
Tempo decorrido: 2:03.26 
Media de memoria usada: 0 
Percentual de CPU: 99% 
Varrido da Memoria Principal: 0 
Tempo real decorrido: 123.26

Resultado Time:
Tempo decorrido: 2:03.21 
Media de memoria usada: 0 
Percentual de CPU: 99% 
Varrido da Memoria Principal: 0 
Tempo real decorrido: 123.21

Resultado Time:
Tempo decorrido: 2:03.48 
Media de memoria usada: 0 
Percentual de CPU: 99% 
Varrido da Memoria Principal: 0 
Tempo real decorrido: 123.48

Resultado Time:
Tempo decorrido: 2:02.40 
Media de memoria usada: 0 
Percentual de CPU: 99% 
Varrido da Memoria Principal: 0 
Tempo real decorrido: 122.40

Resultado Time:
Tempo decorrido: 2:02.42 
Media de memoria usada: 0 
Percentual de CPU: 99% 
Varrido da Memoria Principal: 0 
Tempo real decorrido: 122.42

Resultado Time:
Tempo decorrido: 2:02.52 
Media de memoria usada: 0 
Percentual de CPU: 99% 
Varrido da Memoria Principal: 0 
Tempo real decorrido: 122.52

Resultado Time:
Tempo decorrido: 2:02.68 
Media de memoria usada: 0 
Percentual de CPU: 99% 
Varrido da Memoria Principal: 0 
Tempo real decorrido: 122.68

Resultado Time:
Tempo decorrido: 2:03.63 
Media de memoria usada: 0 
Percentual de CPU: 99% 
Varrido da Memoria Principal: 0 
Tempo real decorrido: 123.63

Resultado Time:
Tempo decorrido: 2:03.22 
Media de memoria usada: 0 
Percentual de CPU: 99% 
Varrido da Memoria Principal: 0 
Tempo real decorrido: 123.22

Resultado Time:
Tempo decorrido: 2:03.50 
Media de memoria usada: 0 
Percentual de CPU: 99% 
Varrido da Memoria Principal: 0 
Tempo real decorrido: 123.50

Resultado Time:
Tempo decorrido: 2:03.34 
Media de memoria usada: 0 
Percentual de CPU: 99% 
Varrido da Memoria Principal: 0 
Tempo real decorrido: 123.34

Resultado Time:
Tempo decorrido: 2:03.40 
Media de memoria usada: 0 
Percentual de CPU: 99% 
Varrido da Memoria Principal: 0 
Tempo real decorrido: 123.40

Resultado Time:
Tempo decorrido: 2:03.46 
Media de memoria usada: 0 
Percentual de CPU: 99% 
Varrido da Memoria Principal: 0 
Tempo real decorrido: 123.46

Resultado Time:
Tempo decorrido: 2:03.52 
Media de memoria usada: 0 
Percentual de CPU: 99% 
Varrido da Memoria Principal: 0 
Tempo real decorrido: 123.52

Resultado Time:
Tempo decorrido: 2:03.25 
Media de memoria usada: 0 
Percentual de CPU: 99% 
Varrido da Memoria Principal: 0 
Tempo real decorrido: 123.25

Resultado Time:
Tempo decorrido: 2:03.07 
Media de memoria usada: 0 
Percentual de CPU: 99% 
Varrido da Memoria Principal: 0 
Tempo real decorrido: 123.07

Resultado Time:
Tempo decorrido: 2:03.26 
Media de memoria usada: 0 
Percentual de CPU: 99% 
Varrido da Memoria Principal: 0 
Tempo real decorrido: 123.26

Resultado Time:
Tempo decorrido: 2:03.23 
Media de memoria usada: 0 
Percentual de CPU: 99% 
Varrido da Memoria Principal: 0 
Tempo real decorrido: 123.23
