
Resultado Time:
Tempo decorrido: 0:32.75 
Media de memoria usada: 0 
Percentual de CPU: 99% 
Varrido da Memoria Principal: 0 
Tempo real decorrido: 32.75

Resultado Time:
Tempo decorrido: 0:32.12 
Media de memoria usada: 0 
Percentual de CPU: 99% 
Varrido da Memoria Principal: 0 
Tempo real decorrido: 32.12

Resultado Time:
Tempo decorrido: 0:30.61 
Media de memoria usada: 0 
Percentual de CPU: 99% 
Varrido da Memoria Principal: 0 
Tempo real decorrido: 30.61

Resultado Time:
Tempo decorrido: 0:30.42 
Media de memoria usada: 0 
Percentual de CPU: 99% 
Varrido da Memoria Principal: 0 
Tempo real decorrido: 30.42

Resultado Time:
Tempo decorrido: 0:30.37 
Media de memoria usada: 0 
Percentual de CPU: 99% 
Varrido da Memoria Principal: 0 
Tempo real decorrido: 30.37

Resultado Time:
Tempo decorrido: 0:30.35 
Media de memoria usada: 0 
Percentual de CPU: 99% 
Varrido da Memoria Principal: 0 
Tempo real decorrido: 30.35

Resultado Time:
Tempo decorrido: 0:30.35 
Media de memoria usada: 0 
Percentual de CPU: 99% 
Varrido da Memoria Principal: 0 
Tempo real decorrido: 30.35

Resultado Time:
Tempo decorrido: 0:30.32 
Media de memoria usada: 0 
Percentual de CPU: 99% 
Varrido da Memoria Principal: 0 
Tempo real decorrido: 30.32

Resultado Time:
Tempo decorrido: 0:30.36 
Media de memoria usada: 0 
Percentual de CPU: 99% 
Varrido da Memoria Principal: 0 
Tempo real decorrido: 30.36

Resultado Time:
Tempo decorrido: 0:30.35 
Media de memoria usada: 0 
Percentual de CPU: 99% 
Varrido da Memoria Principal: 0 
Tempo real decorrido: 30.35

Resultado Time:
Tempo decorrido: 0:30.70 
Media de memoria usada: 0 
Percentual de CPU: 99% 
Varrido da Memoria Principal: 0 
Tempo real decorrido: 30.70

Resultado Time:
Tempo decorrido: 0:30.38 
Media de memoria usada: 0 
Percentual de CPU: 99% 
Varrido da Memoria Principal: 0 
Tempo real decorrido: 30.38

Resultado Time:
Tempo decorrido: 0:30.33 
Media de memoria usada: 0 
Percentual de CPU: 99% 
Varrido da Memoria Principal: 0 
Tempo real decorrido: 30.33

Resultado Time:
Tempo decorrido: 0:30.35 
Media de memoria usada: 0 
Percentual de CPU: 99% 
Varrido da Memoria Principal: 0 
Tempo real decorrido: 30.35

Resultado Time:
Tempo decorrido: 0:30.34 
Media de memoria usada: 0 
Percentual de CPU: 99% 
Varrido da Memoria Principal: 0 
Tempo real decorrido: 30.34

Resultado Time:
Tempo decorrido: 0:30.31 
Media de memoria usada: 0 
Percentual de CPU: 99% 
Varrido da Memoria Principal: 0 
Tempo real decorrido: 30.31

Resultado Time:
Tempo decorrido: 0:30.32 
Media de memoria usada: 0 
Percentual de CPU: 99% 
Varrido da Memoria Principal: 0 
Tempo real decorrido: 30.32

Resultado Time:
Tempo decorrido: 0:30.70 
Media de memoria usada: 0 
Percentual de CPU: 99% 
Varrido da Memoria Principal: 0 
Tempo real decorrido: 30.70

Resultado Time:
Tempo decorrido: 0:30.34 
Media de memoria usada: 0 
Percentual de CPU: 99% 
Varrido da Memoria Principal: 0 
Tempo real decorrido: 30.34

Resultado Time:
Tempo decorrido: 0:30.31 
Media de memoria usada: 0 
Percentual de CPU: 99% 
Varrido da Memoria Principal: 0 
Tempo real decorrido: 30.31

Resultado Time:
Tempo decorrido: 0:30.35 
Media de memoria usada: 0 
Percentual de CPU: 99% 
Varrido da Memoria Principal: 0 
Tempo real decorrido: 30.35

Resultado Time:
Tempo decorrido: 0:30.32 
Media de memoria usada: 0 
Percentual de CPU: 99% 
Varrido da Memoria Principal: 0 
Tempo real decorrido: 30.32

Resultado Time:
Tempo decorrido: 0:30.36 
Media de memoria usada: 0 
Percentual de CPU: 99% 
Varrido da Memoria Principal: 0 
Tempo real decorrido: 30.36

Resultado Time:
Tempo decorrido: 0:30.31 
Media de memoria usada: 0 
Percentual de CPU: 99% 
Varrido da Memoria Principal: 0 
Tempo real decorrido: 30.31

Resultado Time:
Tempo decorrido: 0:30.99 
Media de memoria usada: 0 
Percentual de CPU: 99% 
Varrido da Memoria Principal: 0 
Tempo real decorrido: 30.99

Resultado Time:
Tempo decorrido: 0:30.32 
Media de memoria usada: 0 
Percentual de CPU: 99% 
Varrido da Memoria Principal: 0 
Tempo real decorrido: 30.32

Resultado Time:
Tempo decorrido: 0:30.34 
Media de memoria usada: 0 
Percentual de CPU: 99% 
Varrido da Memoria Principal: 0 
Tempo real decorrido: 30.34

Resultado Time:
Tempo decorrido: 0:30.34 
Media de memoria usada: 0 
Percentual de CPU: 99% 
Varrido da Memoria Principal: 0 
Tempo real decorrido: 30.34

Resultado Time:
Tempo decorrido: 0:30.33 
Media de memoria usada: 0 
Percentual de CPU: 99% 
Varrido da Memoria Principal: 0 
Tempo real decorrido: 30.33

Resultado Time:
Tempo decorrido: 0:30.31 
Media de memoria usada: 0 
Percentual de CPU: 99% 
Varrido da Memoria Principal: 0 
Tempo real decorrido: 30.31

Resultado Time:
Tempo decorrido: 0:30.43 
Media de memoria usada: 0 
Percentual de CPU: 99% 
Varrido da Memoria Principal: 0 
Tempo real decorrido: 30.43
