Command exited with non-zero status 127

Resultado Time:
Tempo decorrido: 0:00.00 
Media de memoria usada: 0 
Percentual de CPU: ?% 
Varrido da Memoria Principal: 0 
Tempo real decorrido: 0.00
Command exited with non-zero status 127

Resultado Time:
Tempo decorrido: 0:00.00 
Media de memoria usada: 0 
Percentual de CPU: ?% 
Varrido da Memoria Principal: 0 
Tempo real decorrido: 0.00
Command exited with non-zero status 127

Resultado Time:
Tempo decorrido: 0:00.00 
Media de memoria usada: 0 
Percentual de CPU: ?% 
Varrido da Memoria Principal: 0 
Tempo real decorrido: 0.00
Command exited with non-zero status 127

Resultado Time:
Tempo decorrido: 0:00.00 
Media de memoria usada: 0 
Percentual de CPU: ?% 
Varrido da Memoria Principal: 0 
Tempo real decorrido: 0.00
Command exited with non-zero status 127

Resultado Time:
Tempo decorrido: 0:00.00 
Media de memoria usada: 0 
Percentual de CPU: ?% 
Varrido da Memoria Principal: 0 
Tempo real decorrido: 0.00
Command exited with non-zero status 127

Resultado Time:
Tempo decorrido: 0:00.00 
Media de memoria usada: 0 
Percentual de CPU: ?% 
Varrido da Memoria Principal: 0 
Tempo real decorrido: 0.00
Command exited with non-zero status 127

Resultado Time:
Tempo decorrido: 0:00.00 
Media de memoria usada: 0 
Percentual de CPU: ?% 
Varrido da Memoria Principal: 0 
Tempo real decorrido: 0.00
Command exited with non-zero status 127

Resultado Time:
Tempo decorrido: 0:00.00 
Media de memoria usada: 0 
Percentual de CPU: ?% 
Varrido da Memoria Principal: 0 
Tempo real decorrido: 0.00
Command exited with non-zero status 127

Resultado Time:
Tempo decorrido: 0:00.00 
Media de memoria usada: 0 
Percentual de CPU: ?% 
Varrido da Memoria Principal: 0 
Tempo real decorrido: 0.00
Command exited with non-zero status 127

Resultado Time:
Tempo decorrido: 0:00.00 
Media de memoria usada: 0 
Percentual de CPU: ?% 
Varrido da Memoria Principal: 0 
Tempo real decorrido: 0.00
Command exited with non-zero status 127

Resultado Time:
Tempo decorrido: 0:00.00 
Media de memoria usada: 0 
Percentual de CPU: ?% 
Varrido da Memoria Principal: 0 
Tempo real decorrido: 0.00
Command exited with non-zero status 127

Resultado Time:
Tempo decorrido: 0:00.00 
Media de memoria usada: 0 
Percentual de CPU: ?% 
Varrido da Memoria Principal: 0 
Tempo real decorrido: 0.00
Command exited with non-zero status 127

Resultado Time:
Tempo decorrido: 0:00.00 
Media de memoria usada: 0 
Percentual de CPU: ?% 
Varrido da Memoria Principal: 0 
Tempo real decorrido: 0.00
Command exited with non-zero status 127

Resultado Time:
Tempo decorrido: 0:00.00 
Media de memoria usada: 0 
Percentual de CPU: ?% 
Varrido da Memoria Principal: 0 
Tempo real decorrido: 0.00
Command exited with non-zero status 127

Resultado Time:
Tempo decorrido: 0:00.00 
Media de memoria usada: 0 
Percentual de CPU: ?% 
Varrido da Memoria Principal: 0 
Tempo real decorrido: 0.00
Command exited with non-zero status 127

Resultado Time:
Tempo decorrido: 0:00.00 
Media de memoria usada: 0 
Percentual de CPU: ?% 
Varrido da Memoria Principal: 0 
Tempo real decorrido: 0.00
Command exited with non-zero status 127

Resultado Time:
Tempo decorrido: 0:00.00 
Media de memoria usada: 0 
Percentual de CPU: ?% 
Varrido da Memoria Principal: 0 
Tempo real decorrido: 0.00
Command exited with non-zero status 127

Resultado Time:
Tempo decorrido: 0:00.00 
Media de memoria usada: 0 
Percentual de CPU: ?% 
Varrido da Memoria Principal: 0 
Tempo real decorrido: 0.00
Command exited with non-zero status 127

Resultado Time:
Tempo decorrido: 0:00.00 
Media de memoria usada: 0 
Percentual de CPU: ?% 
Varrido da Memoria Principal: 0 
Tempo real decorrido: 0.00
Command exited with non-zero status 127

Resultado Time:
Tempo decorrido: 0:00.00 
Media de memoria usada: 0 
Percentual de CPU: ?% 
Varrido da Memoria Principal: 0 
Tempo real decorrido: 0.00
Command exited with non-zero status 127

Resultado Time:
Tempo decorrido: 0:00.00 
Media de memoria usada: 0 
Percentual de CPU: ?% 
Varrido da Memoria Principal: 0 
Tempo real decorrido: 0.00
Command exited with non-zero status 127

Resultado Time:
Tempo decorrido: 0:00.00 
Media de memoria usada: 0 
Percentual de CPU: ?% 
Varrido da Memoria Principal: 0 
Tempo real decorrido: 0.00
Command exited with non-zero status 127

Resultado Time:
Tempo decorrido: 0:00.00 
Media de memoria usada: 0 
Percentual de CPU: ?% 
Varrido da Memoria Principal: 0 
Tempo real decorrido: 0.00
Command exited with non-zero status 127

Resultado Time:
Tempo decorrido: 0:00.00 
Media de memoria usada: 0 
Percentual de CPU: ?% 
Varrido da Memoria Principal: 0 
Tempo real decorrido: 0.00
Command exited with non-zero status 127

Resultado Time:
Tempo decorrido: 0:00.00 
Media de memoria usada: 0 
Percentual de CPU: ?% 
Varrido da Memoria Principal: 0 
Tempo real decorrido: 0.00
Command exited with non-zero status 127

Resultado Time:
Tempo decorrido: 0:00.00 
Media de memoria usada: 0 
Percentual de CPU: ?% 
Varrido da Memoria Principal: 0 
Tempo real decorrido: 0.00
Command exited with non-zero status 127

Resultado Time:
Tempo decorrido: 0:00.00 
Media de memoria usada: 0 
Percentual de CPU: ?% 
Varrido da Memoria Principal: 0 
Tempo real decorrido: 0.00
Command exited with non-zero status 127

Resultado Time:
Tempo decorrido: 0:00.00 
Media de memoria usada: 0 
Percentual de CPU: ?% 
Varrido da Memoria Principal: 0 
Tempo real decorrido: 0.00
Command exited with non-zero status 127

Resultado Time:
Tempo decorrido: 0:00.00 
Media de memoria usada: 0 
Percentual de CPU: ?% 
Varrido da Memoria Principal: 0 
Tempo real decorrido: 0.00
Command exited with non-zero status 127

Resultado Time:
Tempo decorrido: 0:00.00 
Media de memoria usada: 0 
Percentual de CPU: ?% 
Varrido da Memoria Principal: 0 
Tempo real decorrido: 0.00
Command exited with non-zero status 127

Resultado Time:
Tempo decorrido: 0:00.00 
Media de memoria usada: 0 
Percentual de CPU: ?% 
Varrido da Memoria Principal: 0 
Tempo real decorrido: 0.00

Resultado Time:
Tempo decorrido: 0:30.43 
Media de memoria usada: 0 
Percentual de CPU: 99% 
Varrido da Memoria Principal: 0 
Tempo real decorrido: 30.43

Resultado Time:
Tempo decorrido: 0:30.35 
Media de memoria usada: 0 
Percentual de CPU: 99% 
Varrido da Memoria Principal: 0 
Tempo real decorrido: 30.35

Resultado Time:
Tempo decorrido: 0:30.32 
Media de memoria usada: 0 
Percentual de CPU: 99% 
Varrido da Memoria Principal: 0 
Tempo real decorrido: 30.32

Resultado Time:
Tempo decorrido: 0:30.33 
Media de memoria usada: 0 
Percentual de CPU: 100% 
Varrido da Memoria Principal: 0 
Tempo real decorrido: 30.33

Resultado Time:
Tempo decorrido: 0:30.68 
Media de memoria usada: 0 
Percentual de CPU: 99% 
Varrido da Memoria Principal: 0 
Tempo real decorrido: 30.68

Resultado Time:
Tempo decorrido: 0:30.34 
Media de memoria usada: 0 
Percentual de CPU: 99% 
Varrido da Memoria Principal: 0 
Tempo real decorrido: 30.34

Resultado Time:
Tempo decorrido: 0:31.03 
Media de memoria usada: 0 
Percentual de CPU: 99% 
Varrido da Memoria Principal: 0 
Tempo real decorrido: 31.03

Resultado Time:
Tempo decorrido: 0:31.01 
Media de memoria usada: 0 
Percentual de CPU: 100% 
Varrido da Memoria Principal: 0 
Tempo real decorrido: 31.01

Resultado Time:
Tempo decorrido: 0:30.35 
Media de memoria usada: 0 
Percentual de CPU: 99% 
Varrido da Memoria Principal: 0 
Tempo real decorrido: 30.35

Resultado Time:
Tempo decorrido: 0:30.32 
Media de memoria usada: 0 
Percentual de CPU: 99% 
Varrido da Memoria Principal: 0 
Tempo real decorrido: 30.32

Resultado Time:
Tempo decorrido: 0:30.35 
Media de memoria usada: 0 
Percentual de CPU: 99% 
Varrido da Memoria Principal: 0 
Tempo real decorrido: 30.35

Resultado Time:
Tempo decorrido: 0:30.33 
Media de memoria usada: 0 
Percentual de CPU: 99% 
Varrido da Memoria Principal: 0 
Tempo real decorrido: 30.33

Resultado Time:
Tempo decorrido: 0:30.32 
Media de memoria usada: 0 
Percentual de CPU: 99% 
Varrido da Memoria Principal: 0 
Tempo real decorrido: 30.32

Resultado Time:
Tempo decorrido: 0:30.35 
Media de memoria usada: 0 
Percentual de CPU: 100% 
Varrido da Memoria Principal: 0 
Tempo real decorrido: 30.35

Resultado Time:
Tempo decorrido: 0:30.33 
Media de memoria usada: 0 
Percentual de CPU: 99% 
Varrido da Memoria Principal: 0 
Tempo real decorrido: 30.33

Resultado Time:
Tempo decorrido: 0:30.33 
Media de memoria usada: 0 
Percentual de CPU: 99% 
Varrido da Memoria Principal: 0 
Tempo real decorrido: 30.33

Resultado Time:
Tempo decorrido: 0:30.31 
Media de memoria usada: 0 
Percentual de CPU: 100% 
Varrido da Memoria Principal: 0 
Tempo real decorrido: 30.31

Resultado Time:
Tempo decorrido: 0:30.36 
Media de memoria usada: 0 
Percentual de CPU: 99% 
Varrido da Memoria Principal: 0 
Tempo real decorrido: 30.36

Resultado Time:
Tempo decorrido: 0:30.30 
Media de memoria usada: 0 
Percentual de CPU: 100% 
Varrido da Memoria Principal: 0 
Tempo real decorrido: 30.30

Resultado Time:
Tempo decorrido: 0:30.33 
Media de memoria usada: 0 
Percentual de CPU: 99% 
Varrido da Memoria Principal: 0 
Tempo real decorrido: 30.33

Resultado Time:
Tempo decorrido: 0:30.30 
Media de memoria usada: 0 
Percentual de CPU: 100% 
Varrido da Memoria Principal: 0 
Tempo real decorrido: 30.30

Resultado Time:
Tempo decorrido: 0:30.36 
Media de memoria usada: 0 
Percentual de CPU: 100% 
Varrido da Memoria Principal: 0 
Tempo real decorrido: 30.36

Resultado Time:
Tempo decorrido: 0:30.30 
Media de memoria usada: 0 
Percentual de CPU: 100% 
Varrido da Memoria Principal: 0 
Tempo real decorrido: 30.30

Resultado Time:
Tempo decorrido: 0:30.34 
Media de memoria usada: 0 
Percentual de CPU: 99% 
Varrido da Memoria Principal: 0 
Tempo real decorrido: 30.34

Resultado Time:
Tempo decorrido: 0:30.33 
Media de memoria usada: 0 
Percentual de CPU: 99% 
Varrido da Memoria Principal: 0 
Tempo real decorrido: 30.33

Resultado Time:
Tempo decorrido: 0:30.34 
Media de memoria usada: 0 
Percentual de CPU: 99% 
Varrido da Memoria Principal: 0 
Tempo real decorrido: 30.34

Resultado Time:
Tempo decorrido: 0:30.30 
Media de memoria usada: 0 
Percentual de CPU: 100% 
Varrido da Memoria Principal: 0 
Tempo real decorrido: 30.30

Resultado Time:
Tempo decorrido: 0:30.70 
Media de memoria usada: 0 
Percentual de CPU: 99% 
Varrido da Memoria Principal: 0 
Tempo real decorrido: 30.70

Resultado Time:
Tempo decorrido: 0:30.72 
Media de memoria usada: 0 
Percentual de CPU: 99% 
Varrido da Memoria Principal: 0 
Tempo real decorrido: 30.72

Resultado Time:
Tempo decorrido: 0:30.35 
Media de memoria usada: 0 
Percentual de CPU: 99% 
Varrido da Memoria Principal: 0 
Tempo real decorrido: 30.35

Resultado Time:
Tempo decorrido: 0:30.33 
Media de memoria usada: 0 
Percentual de CPU: 99% 
Varrido da Memoria Principal: 0 
Tempo real decorrido: 30.33
