
Resultado Time:
Tempo decorrido: 2:03.39 
Media de memoria usada: 0 
Percentual de CPU: 99% 
Varrido da Memoria Principal: 0 
Tempo real decorrido: 123.39

Resultado Time:
Tempo decorrido: 2:03.37 
Media de memoria usada: 0 
Percentual de CPU: 99% 
Varrido da Memoria Principal: 0 
Tempo real decorrido: 123.37

Resultado Time:
Tempo decorrido: 2:03.11 
Media de memoria usada: 0 
Percentual de CPU: 99% 
Varrido da Memoria Principal: 0 
Tempo real decorrido: 123.11

Resultado Time:
Tempo decorrido: 2:03.85 
Media de memoria usada: 0 
Percentual de CPU: 99% 
Varrido da Memoria Principal: 0 
Tempo real decorrido: 123.85

Resultado Time:
Tempo decorrido: 2:04.03 
Media de memoria usada: 0 
Percentual de CPU: 99% 
Varrido da Memoria Principal: 0 
Tempo real decorrido: 124.03

Resultado Time:
Tempo decorrido: 2:03.23 
Media de memoria usada: 0 
Percentual de CPU: 99% 
Varrido da Memoria Principal: 0 
Tempo real decorrido: 123.23

Resultado Time:
Tempo decorrido: 2:03.13 
Media de memoria usada: 0 
Percentual de CPU: 99% 
Varrido da Memoria Principal: 0 
Tempo real decorrido: 123.13

Resultado Time:
Tempo decorrido: 2:03.19 
Media de memoria usada: 0 
Percentual de CPU: 99% 
Varrido da Memoria Principal: 0 
Tempo real decorrido: 123.19

Resultado Time:
Tempo decorrido: 2:03.36 
Media de memoria usada: 0 
Percentual de CPU: 99% 
Varrido da Memoria Principal: 0 
Tempo real decorrido: 123.36

Resultado Time:
Tempo decorrido: 2:03.29 
Media de memoria usada: 0 
Percentual de CPU: 99% 
Varrido da Memoria Principal: 0 
Tempo real decorrido: 123.29

Resultado Time:
Tempo decorrido: 2:03.26 
Media de memoria usada: 0 
Percentual de CPU: 99% 
Varrido da Memoria Principal: 0 
Tempo real decorrido: 123.26

Resultado Time:
Tempo decorrido: 2:03.03 
Media de memoria usada: 0 
Percentual de CPU: 99% 
Varrido da Memoria Principal: 0 
Tempo real decorrido: 123.03

Resultado Time:
Tempo decorrido: 2:03.19 
Media de memoria usada: 0 
Percentual de CPU: 99% 
Varrido da Memoria Principal: 0 
Tempo real decorrido: 123.19

Resultado Time:
Tempo decorrido: 2:03.52 
Media de memoria usada: 0 
Percentual de CPU: 99% 
Varrido da Memoria Principal: 0 
Tempo real decorrido: 123.52

Resultado Time:
Tempo decorrido: 2:03.32 
Media de memoria usada: 0 
Percentual de CPU: 99% 
Varrido da Memoria Principal: 0 
Tempo real decorrido: 123.32

Resultado Time:
Tempo decorrido: 2:03.45 
Media de memoria usada: 0 
Percentual de CPU: 99% 
Varrido da Memoria Principal: 0 
Tempo real decorrido: 123.45

Resultado Time:
Tempo decorrido: 2:03.20 
Media de memoria usada: 0 
Percentual de CPU: 99% 
Varrido da Memoria Principal: 0 
Tempo real decorrido: 123.20

Resultado Time:
Tempo decorrido: 2:03.55 
Media de memoria usada: 0 
Percentual de CPU: 99% 
Varrido da Memoria Principal: 0 
Tempo real decorrido: 123.55

Resultado Time:
Tempo decorrido: 2:03.37 
Media de memoria usada: 0 
Percentual de CPU: 99% 
Varrido da Memoria Principal: 0 
Tempo real decorrido: 123.37

Resultado Time:
Tempo decorrido: 2:03.42 
Media de memoria usada: 0 
Percentual de CPU: 99% 
Varrido da Memoria Principal: 0 
Tempo real decorrido: 123.42

Resultado Time:
Tempo decorrido: 2:03.75 
Media de memoria usada: 0 
Percentual de CPU: 99% 
Varrido da Memoria Principal: 0 
Tempo real decorrido: 123.75

Resultado Time:
Tempo decorrido: 2:03.07 
Media de memoria usada: 0 
Percentual de CPU: 99% 
Varrido da Memoria Principal: 0 
Tempo real decorrido: 123.07

Resultado Time:
Tempo decorrido: 2:03.21 
Media de memoria usada: 0 
Percentual de CPU: 99% 
Varrido da Memoria Principal: 0 
Tempo real decorrido: 123.21

Resultado Time:
Tempo decorrido: 2:03.47 
Media de memoria usada: 0 
Percentual de CPU: 99% 
Varrido da Memoria Principal: 0 
Tempo real decorrido: 123.47

Resultado Time:
Tempo decorrido: 2:03.42 
Media de memoria usada: 0 
Percentual de CPU: 99% 
Varrido da Memoria Principal: 0 
Tempo real decorrido: 123.42

Resultado Time:
Tempo decorrido: 2:03.40 
Media de memoria usada: 0 
Percentual de CPU: 99% 
Varrido da Memoria Principal: 0 
Tempo real decorrido: 123.40

Resultado Time:
Tempo decorrido: 2:03.21 
Media de memoria usada: 0 
Percentual de CPU: 99% 
Varrido da Memoria Principal: 0 
Tempo real decorrido: 123.21

Resultado Time:
Tempo decorrido: 2:03.36 
Media de memoria usada: 0 
Percentual de CPU: 99% 
Varrido da Memoria Principal: 0 
Tempo real decorrido: 123.36

Resultado Time:
Tempo decorrido: 2:03.21 
Media de memoria usada: 0 
Percentual de CPU: 99% 
Varrido da Memoria Principal: 0 
Tempo real decorrido: 123.21

Resultado Time:
Tempo decorrido: 2:03.18 
Media de memoria usada: 0 
Percentual de CPU: 99% 
Varrido da Memoria Principal: 0 
Tempo real decorrido: 123.18

Resultado Time:
Tempo decorrido: 2:03.22 
Media de memoria usada: 0 
Percentual de CPU: 99% 
Varrido da Memoria Principal: 0 
Tempo real decorrido: 123.22
